Processing in /nobackup/scdrw/plume_v1_production/Re0300/Res0250.
Numelz = 22.
Your job 2436014 ("run_python.sh") has been submitted
Your job 2436015 ("run_python.sh") has been submitted

Processing in /nobackup/scdrw/plume_v1_production/Re0500/Res0250/NEL_05376.
Numelz = 24.
Your job 2436016 ("run_python.sh") has been submitted
Your job 2436017 ("run_python.sh") has been submitted
Your job 2436018 ("run_python.sh") has been submitted
Your job 2436019 ("run_python.sh") has been submitted
Your job 2436020 ("run_python.sh") has been submitted
Your job 2436021 ("run_python.sh") has been submitted

Processing in /nobackup/scdrw/plume_v1_production/Re1000.
Numelz = 34.
Your job 2436022 ("run_python.sh") has been submitted

Processing in /nobackup/scdrw/plume_v1_production/Re1500.
Numelz = 34.
Your job 2436023 ("run_python.sh") has been submitted

10 processes submitted.

0 of the jobs have finished.
